TN:
SF:src/App.vue
FN:44,render
FNF:1
FNH:1
FNDA:5,render
DA:4,3
DA:5,3
DA:8,3
DA:31,3
DA:33,3
DA:36,3
DA:37,3
DA:38,3
DA:41,3
DA:45,5
DA:46,5
DA:47,5
DA:48,3
LF:13
LH:13
BRF:0
BRH:0
end_of_record
TN:
SF:src/router.js
FNF:0
FNH:0
LF:0
LH:0
BRF:0
BRH:0
end_of_record
TN:
SF:src/vue.config.js
FNF:0
FNH:0
DA:1,0
DA:3,0
LF:2
LH:0
BRF:0
BRH:0
end_of_record
TN:
SF:src/components/HelloWorld.vue
FN:24,render
FNF:1
FNH:0
FNDA:0,render
DA:4,0
DA:7,0
DA:8,0
DA:14,0
DA:16,0
DA:19,0
DA:20,0
DA:21,0
DA:25,0
DA:26,0
LF:10
LH:0
BRDA:25,0,0,0
BRDA:25,0,1,0
BRF:2
BRH:0
end_of_record
TN:
SF:src/components/Login.vue
FN:132,render
FN:137,(anonymous_1)
FN:147,(anonymous_2)
FN:158,(anonymous_3)
FN:167,(anonymous_4)
FNF:5
FNH:0
FNDA:0,render
FNDA:0,(anonymous_1)
FNDA:0,(anonymous_2)
FNDA:0,(anonymous_3)
FNDA:0,(anonymous_4)
DA:4,0
DA:7,0
DA:92,0
DA:94,0
DA:97,0
DA:98,0
DA:99,0
DA:102,0
DA:105,0
DA:108,0
DA:111,0
DA:114,0
DA:117,0
DA:121,0
DA:124,0
DA:128,0
DA:129,0
DA:133,0
DA:134,0
DA:137,0
DA:147,0
DA:158,0
DA:167,0
DA:170,0
LF:24
LH:0
BRDA:134,0,0,0
BRDA:134,0,1,0
BRDA:137,1,0,0
BRDA:137,1,1,0
BRDA:137,2,0,0
BRDA:137,2,1,0
BRDA:138,3,0,0
BRDA:138,3,1,0
BRDA:147,4,0,0
BRDA:147,4,1,0
BRDA:149,5,0,0
BRDA:149,5,1,0
BRDA:149,6,0,0
BRDA:149,6,1,0
BRDA:158,7,0,0
BRDA:158,7,1,0
BRDA:160,8,0,0
BRDA:160,8,1,0
BRDA:164,9,0,0
BRDA:164,9,1,0
BRDA:164,10,0,0
BRDA:164,10,1,0
BRDA:167,11,0,0
BRDA:167,11,1,0
BRF:24
BRH:0
end_of_record
TN:
SF:src/components/NavBar.vue
FN:87,render
FN:93,(anonymous_1)
FN:110,(anonymous_2)
FN:119,(anonymous_3)
FN:126,(anonymous_4)
FN:135,(anonymous_5)
FN:140,(anonymous_6)
FNF:7
FNH:7
FNDA:9,render
FNDA:10,(anonymous_1)
FNDA:10,(anonymous_2)
FNDA:7,(anonymous_3)
FNDA:7,(anonymous_4)
FNDA:2,(anonymous_5)
FNDA:1,(anonymous_6)
DA:4,4
DA:5,4
DA:8,4
DA:52,4
DA:54,4
DA:57,4
DA:58,4
DA:59,4
DA:62,4
DA:65,4
DA:69,4
DA:72,4
DA:75,4
DA:78,4
DA:81,4
DA:84,4
DA:88,9
DA:89,9
DA:93,10
DA:110,10
DA:119,7
DA:126,7
DA:135,2
DA:140,1
DA:142,4
LF:25
LH:25
BRDA:93,0,0,10
BRDA:93,0,1,9
BRDA:95,1,0,9
BRDA:95,1,1,9
BRDA:110,2,0,10
BRDA:110,2,1,9
BRDA:112,3,0,7
BRDA:112,3,1,2
BRDA:119,4,0,7
BRDA:119,4,1,7
BRDA:126,5,0,7
BRDA:126,5,1,7
BRDA:135,6,0,2
BRDA:135,6,1,2
BRDA:140,7,0,2
BRDA:140,7,1,2
BRDA:140,8,0,1
BRDA:140,8,1,1
BRF:18
BRH:18
end_of_record
TN:
SF:src/components/NoteCard.vue
FNF:0
FNH:0
LF:0
LH:0
BRF:0
BRH:0
end_of_record
TN:
SF:src/components/Register.vue
FN:152,render
FN:157,(anonymous_1)
FN:167,(anonymous_2)
FN:178,(anonymous_3)
FN:189,(anonymous_4)
FN:198,(anonymous_5)
FNF:6
FNH:0
FNDA:0,render
FNDA:0,(anonymous_1)
FNDA:0,(anonymous_2)
FNDA:0,(anonymous_3)
FNDA:0,(anonymous_4)
FNDA:0,(anonymous_5)
DA:4,0
DA:7,0
DA:105,0
DA:107,0
DA:110,0
DA:111,0
DA:112,0
DA:115,0
DA:118,0
DA:121,0
DA:124,0
DA:127,0
DA:130,0
DA:134,0
DA:137,0
DA:141,0
DA:144,0
DA:148,0
DA:149,0
DA:153,0
DA:154,0
DA:157,0
DA:167,0
DA:178,0
DA:189,0
DA:198,0
DA:201,0
LF:27
LH:0
BRDA:154,0,0,0
BRDA:154,0,1,0
BRDA:157,1,0,0
BRDA:157,1,1,0
BRDA:157,2,0,0
BRDA:157,2,1,0
BRDA:158,3,0,0
BRDA:158,3,1,0
BRDA:167,4,0,0
BRDA:167,4,1,0
BRDA:169,5,0,0
BRDA:169,5,1,0
BRDA:169,6,0,0
BRDA:169,6,1,0
BRDA:178,7,0,0
BRDA:178,7,1,0
BRDA:180,8,0,0
BRDA:180,8,1,0
BRDA:180,9,0,0
BRDA:180,9,1,0
BRDA:189,10,0,0
BRDA:189,10,1,0
BRDA:191,11,0,0
BRDA:191,11,1,0
BRDA:195,12,0,0
BRDA:195,12,1,0
BRDA:195,13,0,0
BRDA:195,13,1,0
BRDA:198,14,0,0
BRDA:198,14,1,0
BRF:30
BRH:0
end_of_record
TN:
SF:src/router/index.js
FN:37,(anonymous_0)
FNF:1
FNH:0
FNDA:0,(anonymous_0)
DA:8,3
DA:32,3
DA:37,3
DA:38,0
DA:39,0
DA:40,0
DA:41,0
DA:42,0
DA:45,0
LF:9
LH:3
BRDA:38,0,0,0
BRDA:38,0,1,0
BRDA:40,1,0,0
BRDA:40,1,1,0
BRF:4
BRH:0
end_of_record
TN:
SF:src/services/api.js
FN:14,(anonymous_0)
FN:21,(anonymous_1)
FN:28,(anonymous_2)
FN:29,(anonymous_3)
FNF:4
FNH:2
FNDA:1,(anonymous_0)
FNDA:0,(anonymous_1)
FNDA:0,(anonymous_2)
FNDA:1,(anonymous_3)
DA:5,7
DA:13,7
DA:15,1
DA:16,1
DA:17,1
DA:19,1
DA:22,0
DA:27,7
DA:28,0
DA:30,1
DA:31,1
DA:32,1
DA:34,1
LF:13
LH:11
BRDA:16,0,0,1
BRDA:16,0,1,0
BRDA:30,1,0,1
BRDA:30,1,1,0
BRF:4
BRH:2
end_of_record
TN:
SF:src/stores/auth.js
FN:12,(anonymous_0)
FN:24,(anonymous_1)
FN:28,(anonymous_2)
FN:33,(anonymous_3)
FN:48,(anonymous_4)
FN:53,(anonymous_5)
FN:65,(anonymous_6)
FN:70,(anonymous_7)
FNF:8
FNH:4
FNDA:1,(anonymous_0)
FNDA:1,(anonymous_1)
FNDA:2,(anonymous_2)
FNDA:2,(anonymous_3)
FNDA:0,(anonymous_4)
FNDA:0,(anonymous_5)
FNDA:0,(anonymous_6)
FNDA:0,(anonymous_7)
DA:4,6
DA:11,6
DA:13,1
DA:14,1
DA:15,1
DA:17,1
DA:19,0
DA:20,0
DA:25,1
DA:29,2
DA:30,2
DA:31,2
DA:33,2
DA:36,1
DA:37,1
DA:38,1
DA:39,1
DA:41,0
DA:42,0
DA:44,1
DA:49,0
DA:50,0
DA:51,0
DA:53,0
DA:56,0
DA:58,0
DA:59,0
DA:61,0
DA:66,0
DA:67,0
DA:71,0
DA:72,0
DA:76,0
DA:78,0
DA:79,0
LF:35
LH:16
BRDA:5,0,0,6
BRDA:5,0,1,6
BRDA:14,1,0,1
BRDA:14,1,1,0
BRDA:41,2,0,0
BRDA:41,2,1,0
BRDA:58,3,0,0
BRDA:58,3,1,0
BRDA:71,4,0,0
BRDA:71,4,1,0
BRF:10
BRH:3
end_of_record
TN:
SF:src/views/Home.vue
FN:21,render
FNF:1
FNH:1
FNDA:2,render
DA:4,5
DA:7,5
DA:8,5
DA:11,5
DA:13,5
DA:16,5
DA:17,5
DA:18,5
DA:22,2
DA:23,5
LF:10
LH:10
BRDA:22,0,0,2
BRDA:22,0,1,2
BRF:2
BRH:2
end_of_record
TN:
SF:src/views/Login.vue
FN:134,render
FN:136,(anonymous_1)
FN:139,(anonymous_2)
FN:147,(anonymous_3)
FNF:4
FNH:4
FNDA:20,render
FNDA:3,(anonymous_1)
FNDA:2,(anonymous_2)
FNDA:2,(anonymous_3)
DA:4,5
DA:5,5
DA:8,5
DA:105,5
DA:107,5
DA:110,5
DA:111,5
DA:112,5
DA:115,5
DA:118,5
DA:122,5
DA:125,5
DA:129,5
DA:133,5
DA:135,20
DA:136,3
DA:139,2
DA:147,2
DA:156,5
LF:19
LH:19
BRDA:135,0,0,20
BRDA:135,0,1,5
BRDA:136,1,0,20
BRDA:136,1,1,5
BRDA:136,2,0,3
BRDA:136,2,1,3
BRDA:139,3,0,20
BRDA:139,3,1,5
BRDA:144,4,0,4
BRDA:144,4,1,16
BRDA:147,5,0,20
BRDA:147,5,1,5
BRDA:152,6,0,4
BRDA:152,6,1,16
BRDA:152,7,0,0
BRDA:152,7,1,20
BRDA:155,8,0,7
BRDA:155,8,1,13
BRF:18
BRH:17
end_of_record
TN:
SF:src/views/Notes.vue
FN:21,render
FNF:1
FNH:1
FNDA:1,render
DA:4,5
DA:7,5
DA:8,5
DA:11,5
DA:13,5
DA:16,5
DA:17,5
DA:18,5
DA:22,1
DA:23,5
LF:10
LH:10
BRDA:22,0,0,1
BRDA:22,0,1,1
BRF:2
BRH:2
end_of_record
TN:
SF:src/views/Register.vue
FN:131,render
FN:133,(anonymous_1)
FN:136,(anonymous_2)
FN:144,(anonymous_3)
FN:152,(anonymous_4)
FNF:5
FNH:5
FNDA:27,render
FNDA:6,(anonymous_1)
FNDA:3,(anonymous_2)
FNDA:4,(anonymous_3)
FNDA:3,(anonymous_4)
DA:4,6
DA:7,6
DA:99,6
DA:101,6
DA:104,6
DA:105,6
DA:106,6
DA:109,6
DA:112,6
DA:116,6
DA:119,6
DA:123,6
DA:126,6
DA:130,6
DA:132,27
DA:133,6
DA:136,3
DA:144,4
DA:152,3
DA:161,6
LF:20
LH:20
BRDA:132,0,0,27
BRDA:132,0,1,9
BRDA:133,1,0,27
BRDA:133,1,1,9
BRDA:133,2,0,6
BRDA:133,2,1,6
BRDA:136,3,0,27
BRDA:136,3,1,9
BRDA:141,4,0,4
BRDA:141,4,1,23
BRDA:144,5,0,27
BRDA:144,5,1,9
BRDA:149,6,0,3
BRDA:149,6,1,24
BRDA:152,7,0,27
BRDA:152,7,1,9
BRDA:157,8,0,2
BRDA:157,8,1,25
BRDA:160,9,0,2
BRDA:160,9,1,25
BRF:20
BRH:20
end_of_record
