TN:
SF:src/App.vue
FN:44,render
FNF:1
FNH:1
FNDA:5,render
DA:4,3
DA:5,3
DA:8,3
DA:31,3
DA:33,3
DA:36,3
DA:37,3
DA:38,3
DA:41,3
DA:45,5
DA:46,5
DA:47,5
DA:48,3
LF:13
LH:13
BRF:0
BRH:0
end_of_record
TN:
SF:src/router.js
FNF:0
FNH:0
LF:0
LH:0
BRF:0
BRH:0
end_of_record
TN:
SF:src/vue.config.js
FNF:0
FNH:0
DA:1,0
DA:3,0
LF:2
LH:0
BRF:0
BRH:0
end_of_record
TN:
SF:src/components/HelloWorld.vue
FN:24,render
FNF:1
FNH:0
FNDA:0,render
DA:4,0
DA:7,0
DA:8,0
DA:14,0
DA:16,0
DA:19,0
DA:20,0
DA:21,0
DA:25,0
DA:26,0
LF:10
LH:0
BRDA:25,0,0,0
BRDA:25,0,1,0
BRF:2
BRH:0
end_of_record
TN:
SF:src/components/Login.vue
FN:132,render
FN:137,(anonymous_1)
FN:147,(anonymous_2)
FN:158,(anonymous_3)
FN:167,(anonymous_4)
FNF:5
FNH:0
FNDA:0,render
FNDA:0,(anonymous_1)
FNDA:0,(anonymous_2)
FNDA:0,(anonymous_3)
FNDA:0,(anonymous_4)
DA:4,0
DA:7,0
DA:92,0
DA:94,0
DA:97,0
DA:98,0
DA:99,0
DA:102,0
DA:105,0
DA:108,0
DA:111,0
DA:114,0
DA:117,0
DA:121,0
DA:124,0
DA:128,0
DA:129,0
DA:133,0
DA:134,0
DA:137,0
DA:147,0
DA:158,0
DA:167,0
DA:170,0
LF:24
LH:0
BRDA:134,0,0,0
BRDA:134,0,1,0
BRDA:137,1,0,0
BRDA:137,1,1,0
BRDA:137,2,0,0
BRDA:137,2,1,0
BRDA:138,3,0,0
BRDA:138,3,1,0
BRDA:147,4,0,0
BRDA:147,4,1,0
BRDA:149,5,0,0
BRDA:149,5,1,0
BRDA:149,6,0,0
BRDA:149,6,1,0
BRDA:158,7,0,0
BRDA:158,7,1,0
BRDA:160,8,0,0
BRDA:160,8,1,0
BRDA:164,9,0,0
BRDA:164,9,1,0
BRDA:164,10,0,0
BRDA:164,10,1,0
BRDA:167,11,0,0
BRDA:167,11,1,0
BRF:24
BRH:0
end_of_record
TN:
SF:src/components/NavBar.vue
FN:97,render
FN:103,(anonymous_1)
FN:120,(anonymous_2)
FN:129,(anonymous_3)
FN:136,(anonymous_4)
FN:145,(anonymous_5)
FN:150,(anonymous_6)
FNF:7
FNH:7
FNDA:18,render
FNDA:17,(anonymous_1)
FNDA:17,(anonymous_2)
FNDA:18,(anonymous_3)
FNDA:12,(anonymous_4)
FNDA:2,(anonymous_5)
FNDA:1,(anonymous_6)
DA:4,4
DA:7,4
DA:62,4
DA:64,4
DA:67,4
DA:68,4
DA:69,4
DA:72,4
DA:75,4
DA:79,4
DA:82,4
DA:85,4
DA:88,4
DA:91,4
DA:94,4
DA:98,18
DA:99,18
DA:103,17
DA:120,17
DA:129,18
DA:136,12
DA:145,2
DA:150,1
DA:152,4
LF:24
LH:24
BRDA:103,0,0,17
BRDA:103,0,1,11
BRDA:105,1,0,18
BRDA:105,1,1,15
BRDA:120,2,0,17
BRDA:120,2,1,11
BRDA:122,3,0,16
BRDA:122,3,1,2
BRDA:129,4,0,18
BRDA:129,4,1,11
BRDA:136,5,0,12
BRDA:136,5,1,11
BRDA:145,6,0,2
BRDA:145,6,1,2
BRDA:150,7,0,2
BRDA:150,7,1,2
BRDA:150,8,0,1
BRDA:150,8,1,1
BRF:18
BRH:18
end_of_record
TN:
SF:src/components/NoteCard.vue
FNF:0
FNH:0
LF:0
LH:0
BRF:0
BRH:0
end_of_record
TN:
SF:src/components/Register.vue
FN:152,render
FN:157,(anonymous_1)
FN:167,(anonymous_2)
FN:178,(anonymous_3)
FN:189,(anonymous_4)
FN:198,(anonymous_5)
FNF:6
FNH:0
FNDA:0,render
FNDA:0,(anonymous_1)
FNDA:0,(anonymous_2)
FNDA:0,(anonymous_3)
FNDA:0,(anonymous_4)
FNDA:0,(anonymous_5)
DA:4,0
DA:7,0
DA:105,0
DA:107,0
DA:110,0
DA:111,0
DA:112,0
DA:115,0
DA:118,0
DA:121,0
DA:124,0
DA:127,0
DA:130,0
DA:134,0
DA:137,0
DA:141,0
DA:144,0
DA:148,0
DA:149,0
DA:153,0
DA:154,0
DA:157,0
DA:167,0
DA:178,0
DA:189,0
DA:198,0
DA:201,0
LF:27
LH:0
BRDA:154,0,0,0
BRDA:154,0,1,0
BRDA:157,1,0,0
BRDA:157,1,1,0
BRDA:157,2,0,0
BRDA:157,2,1,0
BRDA:158,3,0,0
BRDA:158,3,1,0
BRDA:167,4,0,0
BRDA:167,4,1,0
BRDA:169,5,0,0
BRDA:169,5,1,0
BRDA:169,6,0,0
BRDA:169,6,1,0
BRDA:178,7,0,0
BRDA:178,7,1,0
BRDA:180,8,0,0
BRDA:180,8,1,0
BRDA:180,9,0,0
BRDA:180,9,1,0
BRDA:189,10,0,0
BRDA:189,10,1,0
BRDA:191,11,0,0
BRDA:191,11,1,0
BRDA:195,12,0,0
BRDA:195,12,1,0
BRDA:195,13,0,0
BRDA:195,13,1,0
BRDA:198,14,0,0
BRDA:198,14,1,0
BRF:30
BRH:0
end_of_record
TN:
SF:src/router/index.js
FN:36,(anonymous_0)
FNF:1
FNH:0
FNDA:0,(anonymous_0)
DA:7,4
DA:31,4
DA:36,4
DA:37,0
DA:38,0
DA:39,0
DA:41,0
LF:7
LH:3
BRDA:38,0,0,0
BRDA:38,0,1,0
BRDA:38,1,0,0
BRDA:38,1,1,0
BRF:4
BRH:0
end_of_record
TN:
SF:src/services/api.js
FNF:0
FNH:0
DA:3,1
LF:1
LH:1
BRF:0
BRH:0
end_of_record
TN:
SF:src/views/Home.vue
FN:21,render
FNF:1
FNH:1
FNDA:2,render
DA:4,6
DA:7,6
DA:8,6
DA:11,6
DA:13,6
DA:16,6
DA:17,6
DA:18,6
DA:22,2
DA:23,6
LF:10
LH:10
BRDA:22,0,0,2
BRDA:22,0,1,2
BRF:2
BRH:2
end_of_record
TN:
SF:src/views/Login.vue
FN:113,render
FN:115,(anonymous_1)
FN:118,(anonymous_2)
FN:126,(anonymous_3)
FNF:4
FNH:4
FNDA:13,render
FNDA:3,(anonymous_1)
FNDA:2,(anonymous_2)
FNDA:2,(anonymous_3)
DA:4,6
DA:7,6
DA:88,6
DA:90,6
DA:93,6
DA:94,6
DA:95,6
DA:98,6
DA:101,6
DA:105,6
DA:108,6
DA:112,6
DA:114,13
DA:115,3
DA:118,2
DA:126,2
DA:135,6
LF:17
LH:17
BRDA:114,0,0,13
BRDA:114,0,1,5
BRDA:115,1,0,13
BRDA:115,1,1,5
BRDA:115,2,0,3
BRDA:115,2,1,3
BRDA:118,3,0,13
BRDA:118,3,1,5
BRDA:123,4,0,1
BRDA:123,4,1,12
BRDA:126,5,0,13
BRDA:126,5,1,5
BRDA:131,6,0,1
BRDA:131,6,1,12
BRDA:134,7,0,2
BRDA:134,7,1,11
BRF:16
BRH:16
end_of_record
TN:
SF:src/views/Notes.vue
FN:21,render
FNF:1
FNH:1
FNDA:1,render
DA:4,6
DA:7,6
DA:8,6
DA:11,6
DA:13,6
DA:16,6
DA:17,6
DA:18,6
DA:22,1
DA:23,6
LF:10
LH:10
BRDA:22,0,0,1
BRDA:22,0,1,1
BRF:2
BRH:2
end_of_record
TN:
SF:src/views/Register.vue
FN:131,render
FN:133,(anonymous_1)
FN:136,(anonymous_2)
FN:144,(anonymous_3)
FN:152,(anonymous_4)
FNF:5
FNH:5
FNDA:27,render
FNDA:6,(anonymous_1)
FNDA:3,(anonymous_2)
FNDA:4,(anonymous_3)
FNDA:3,(anonymous_4)
DA:4,7
DA:7,7
DA:99,7
DA:101,7
DA:104,7
DA:105,7
DA:106,7
DA:109,7
DA:112,7
DA:116,7
DA:119,7
DA:123,7
DA:126,7
DA:130,7
DA:132,27
DA:133,6
DA:136,3
DA:144,4
DA:152,3
DA:161,7
LF:20
LH:20
BRDA:132,0,0,27
BRDA:132,0,1,9
BRDA:133,1,0,27
BRDA:133,1,1,9
BRDA:133,2,0,6
BRDA:133,2,1,6
BRDA:136,3,0,27
BRDA:136,3,1,9
BRDA:141,4,0,4
BRDA:141,4,1,23
BRDA:144,5,0,27
BRDA:144,5,1,9
BRDA:149,6,0,3
BRDA:149,6,1,24
BRDA:152,7,0,27
BRDA:152,7,1,9
BRDA:157,8,0,2
BRDA:157,8,1,25
BRDA:160,9,0,2
BRDA:160,9,1,25
BRF:20
BRH:20
end_of_record
